10-30 19:45:19 com_github_MitjaNemec_PlaceFootprints.action_place_footprints 647:Plugin executed on: 'linux'
10-30 19:45:19 com_github_MitjaNemec_PlaceFootprints.action_place_footprints 648:Plugin executed with python version: '3.12.7 (main, Oct  1 2024, 11:15:50) [GCC 14.2.1 20240910]'
10-30 19:45:19 com_github_MitjaNemec_PlaceFootprints.action_place_footprints 649:KiCad build version: 8.0.6
10-30 19:45:19 com_github_MitjaNemec_PlaceFootprints.action_place_footprints 650:Plugin version: 3.0.0
10-30 19:45:19 com_github_MitjaNemec_PlaceFootprints.action_place_footprints 651:Frame repr: <wx._core.Frame object at 0x762a13fe8710>
10-30 19:45:19 com_github_MitjaNemec_PlaceFootprints.place_footprints 121:getting a list of all footprints on board
10-30 19:45:19 com_github_MitjaNemec_PlaceFootprints.place_footprints 156:Footprint U3 on root level
10-30 19:45:19 com_github_MitjaNemec_PlaceFootprints.place_footprints 156:Footprint U2 on root level
10-30 19:45:19 com_github_MitjaNemec_PlaceFootprints.place_footprints 156:Footprint U1 on root level
10-30 19:45:19 com_github_MitjaNemec_PlaceFootprints.place_footprints 156:Footprint R9 on root level
10-30 19:45:19 com_github_MitjaNemec_PlaceFootprints.place_footprints 156:Footprint R8 on root level
10-30 19:45:19 com_github_MitjaNemec_PlaceFootprints.place_footprints 156:Footprint R7 on root level
10-30 19:45:19 com_github_MitjaNemec_PlaceFootprints.place_footprints 156:Footprint R6 on root level
10-30 19:45:19 com_github_MitjaNemec_PlaceFootprints.place_footprints 156:Footprint R5 on root level
10-30 19:45:19 com_github_MitjaNemec_PlaceFootprints.place_footprints 156:Footprint R4 on root level
10-30 19:45:19 com_github_MitjaNemec_PlaceFootprints.place_footprints 156:Footprint R3 on root level
10-30 19:45:19 com_github_MitjaNemec_PlaceFootprints.place_footprints 156:Footprint R2 on root level
10-30 19:45:19 com_github_MitjaNemec_PlaceFootprints.place_footprints 156:Footprint R1 on root level
10-30 19:45:19 com_github_MitjaNemec_PlaceFootprints.place_footprints 156:Footprint LED8 on root level
10-30 19:45:19 com_github_MitjaNemec_PlaceFootprints.place_footprints 156:Footprint LED7 on root level
10-30 19:45:19 com_github_MitjaNemec_PlaceFootprints.place_footprints 156:Footprint LED6 on root level
10-30 19:45:19 com_github_MitjaNemec_PlaceFootprints.place_footprints 156:Footprint LED5 on root level
10-30 19:45:19 com_github_MitjaNemec_PlaceFootprints.place_footprints 156:Footprint LED4 on root level
10-30 19:45:19 com_github_MitjaNemec_PlaceFootprints.place_footprints 156:Footprint LED3 on root level
10-30 19:45:19 com_github_MitjaNemec_PlaceFootprints.place_footprints 156:Footprint LED2 on root level
10-30 19:45:19 com_github_MitjaNemec_PlaceFootprints.place_footprints 156:Footprint LED1 on root level
10-30 19:45:19 com_github_MitjaNemec_PlaceFootprints.place_footprints 156:Footprint KEY8 on root level
10-30 19:45:19 com_github_MitjaNemec_PlaceFootprints.place_footprints 156:Footprint KEY7 on root level
10-30 19:45:19 com_github_MitjaNemec_PlaceFootprints.place_footprints 156:Footprint KEY6 on root level
10-30 19:45:19 com_github_MitjaNemec_PlaceFootprints.place_footprints 156:Footprint KEY5 on root level
10-30 19:45:19 com_github_MitjaNemec_PlaceFootprints.place_footprints 156:Footprint KEY4 on root level
10-30 19:45:19 com_github_MitjaNemec_PlaceFootprints.place_footprints 156:Footprint KEY3 on root level
10-30 19:45:19 com_github_MitjaNemec_PlaceFootprints.place_footprints 156:Footprint KEY2 on root level
10-30 19:45:19 com_github_MitjaNemec_PlaceFootprints.place_footprints 156:Footprint KEY1 on root level
10-30 19:45:19 com_github_MitjaNemec_PlaceFootprints.place_footprints 156:Footprint J2 on root level
10-30 19:45:19 com_github_MitjaNemec_PlaceFootprints.place_footprints 156:Footprint J1 on root level
10-30 19:45:19 com_github_MitjaNemec_PlaceFootprints.place_footprints 156:Footprint C17 on root level
10-30 19:45:19 com_github_MitjaNemec_PlaceFootprints.place_footprints 156:Footprint C16 on root level
10-30 19:45:19 com_github_MitjaNemec_PlaceFootprints.place_footprints 156:Footprint C15 on root level
10-30 19:45:19 com_github_MitjaNemec_PlaceFootprints.place_footprints 156:Footprint C14 on root level
10-30 19:45:19 com_github_MitjaNemec_PlaceFootprints.place_footprints 156:Footprint C13 on root level
10-30 19:45:19 com_github_MitjaNemec_PlaceFootprints.place_footprints 156:Footprint C12 on root level
10-30 19:45:19 com_github_MitjaNemec_PlaceFootprints.place_footprints 156:Footprint C11 on root level
10-30 19:45:19 com_github_MitjaNemec_PlaceFootprints.place_footprints 156:Footprint C10 on root level
10-30 19:45:19 com_github_MitjaNemec_PlaceFootprints.place_footprints 156:Footprint C9 on root level
10-30 19:45:19 com_github_MitjaNemec_PlaceFootprints.place_footprints 156:Footprint C8 on root level
10-30 19:45:19 com_github_MitjaNemec_PlaceFootprints.place_footprints 156:Footprint C7 on root level
10-30 19:45:19 com_github_MitjaNemec_PlaceFootprints.place_footprints 156:Footprint C6 on root level
10-30 19:45:19 com_github_MitjaNemec_PlaceFootprints.place_footprints 156:Footprint C5 on root level
10-30 19:45:19 com_github_MitjaNemec_PlaceFootprints.place_footprints 156:Footprint C4 on root level
10-30 19:45:19 com_github_MitjaNemec_PlaceFootprints.place_footprints 156:Footprint C3 on root level
10-30 19:45:19 com_github_MitjaNemec_PlaceFootprints.place_footprints 156:Footprint C2 on root level
10-30 19:45:19 com_github_MitjaNemec_PlaceFootprints.place_footprints 156:Footprint C1 on root level
10-30 19:45:19 com_github_MitjaNemec_PlaceFootprints.place_footprints 156:Footprint BT2 on root level
10-30 19:45:19 com_github_MitjaNemec_PlaceFootprints.place_footprints 156:Footprint BT1 on root level
10-30 19:45:20 com_github_MitjaNemec_PlaceFootprints.action_place_footprints 830:Reference designator is: LED
10-30 19:45:20 com_github_MitjaNemec_PlaceFootprints.action_place_footprints 831:Reference number is: 1
10-30 19:45:20 com_github_MitjaNemec_PlaceFootprints.action_place_footprints 863:Sorted and filtered list:
['LED1', 'LED2', 'LED3', 'LED4', 'LED5', 'LED6', 'LED7', 'LED8']
10-30 19:45:20 com_github_MitjaNemec_PlaceFootprints.action_place_footprints 359:wx.Colour(17, 19, 28, 255)
10-30 19:45:22 com_github_MitjaNemec_PlaceFootprints.action_place_footprints 490:'15'
10-30 19:45:22 com_github_MitjaNemec_PlaceFootprints.action_place_footprints 536:Preparing config for reference linear
10-30 19:45:22 com_github_MitjaNemec_PlaceFootprints.action_place_footprints 556:Saving config file
10-30 19:45:22 com_github_MitjaNemec_PlaceFootprints.action_place_footprints 558:Saved the config file
10-30 19:45:22 com_github_MitjaNemec_PlaceFootprints.action_place_footprints 901:Footprints to place:
['LED1', 'LED2', 'LED3', 'LED4', 'LED5', 'LED6', 'LED7', 'LED8']
10-30 19:45:22 com_github_MitjaNemec_PlaceFootprints.place_footprints 367:Starting placing with linear layout
10-30 19:45:22 com_github_MitjaNemec_PlaceFootprints.action_place_footprints 942:Placing complete
